<?xml version="1.0" encoding="UTF-8"?>
<!-- Generated by org.testng.reporters.JUnitXMLReporter -->
<testsuite hostname="AAEINBLR04038L" ignored="0" name="Surefire test" tests="2" failures="0" timestamp="27 Oct 2018 09:04:50 GMT" time="12.204" errors="0">
  <testcase name="browserAutomation" time="0.006" classname="com.selenium.AutomationTesting.MavenTest"/>
  <testcase name="dummyMethod" time="12.154" classname="com.selenium.AutomationTesting.MavenTest"/>
</testsuite> <!-- Surefire test -->
